<?xml version="1.0" encoding="UTF-8"?>
<!-- Generated by org.testng.reporters.JUnitReportReporter -->
<testsuite hostname="DESKTOP-6JS32GC" failures="0" tests="1" name="com.testPages.Service.ServiceTestPage" time="0.810" errors="0" timestamp="19 Dec 2021 16:27:25 GMT" skipped="0">
  <testcase classname="com.testPages.Service.ServiceTestPage" name="validateSeriveCases" time="0.810"/>
</testsuite> <!-- com.testPages.Service.ServiceTestPage -->
