<?xml version="1.0" encoding="UTF-8"?>
<!-- Generated by org.testng.reporters.JUnitReportReporter -->
<testsuite hostname="Rohit" failures="0" tests="1" name="com.testPages.AccountsTestPage" time="0.008" errors="0" timestamp="18 Dec 2021 11:51:33 GMT" skipped="0">
  <testcase classname="com.testPages.AccountsTestPage" name="trial" time="0.008"/>
</testsuite> <!-- com.testPages.AccountsTestPage -->
