<?xml version="1.0" encoding="UTF-8"?>
<!-- Generated by org.testng.reporters.JUnitReportReporter -->
<testsuite hostname="Rohit" failures="0" tests="1" name="com.testPages.Opportunitis.OpportunitiesTestPage" time="0.044" errors="0" timestamp="19 Dec 2021 07:31:37 GMT" skipped="0">
  <testcase classname="com.testPages.Opportunitis.OpportunitiesTestPage" name="actionsTitle" time="0.044"/>
</testsuite> <!-- com.testPages.Opportunitis.OpportunitiesTestPage -->
