<?xml version="1.0" encoding="UTF-8"?>
<!-- Generated by org.testng.reporters.JUnitReportReporter -->
<testsuite hostname="Rohit" failures="0" tests="1" name="com.testPages.ActivityTestPage" time="0.010" errors="0" timestamp="18 Dec 2021 06:41:48 GMT" skipped="0">
  <testcase classname="com.testPages.ActivityTestPage" name="trial" time="0.010"/>
</testsuite> <!-- com.testPages.ActivityTestPage -->
