<?xml version="1.0" encoding="UTF-8"?>
<!-- Generated by org.testng.reporters.JUnitReportReporter -->
<testsuite hostname="Rohit" failures="0" tests="1" name="com.testPages.Accounts.AccountsTestPage" time="0.007" errors="0" timestamp="18 Dec 2021 11:57:41 GMT" skipped="0">
  <testcase classname="com.testPages.Accounts.AccountsTestPage" name="trial" time="0.007"/>
</testsuite> <!-- com.testPages.Accounts.AccountsTestPage -->
