<?xml version="1.0" encoding="UTF-8"?>
<!-- Generated by org.testng.reporters.JUnitReportReporter -->
<testsuite hostname="Rohit" failures="0" tests="1" name="com.testPages.ServiceTestPage" time="0.011" errors="0" timestamp="18 Dec 2021 07:23:57 GMT" skipped="0">
  <testcase classname="com.testPages.ServiceTestPage" name="trial" time="0.011"/>
</testsuite> <!-- com.testPages.ServiceTestPage -->
